src/operator/IBeaconPoC/build/outputs/logs/manifest-merger-debug-report.txt
-- Merging decision tree log ---
manifest
ADDED from src\main\AndroidManifest.xml:1:1-57:12
	package
		ADDED from src\main\AndroidManifest.xml:2:5-35
		INJECTED from src\main\AndroidManifest.xml
		INJECTED from src\main\AndroidManifest.xml
	android:versionName
		ADDED from src\main\AndroidManifest.xml:4:5-30
		INJECTED from src\main\AndroidManifest.xml
		INJECTED from src\main\AndroidManifest.xml
	android:versionCode
		ADDED from src\main\AndroidManifest.xml:3:5-28
		INJECTED from src\main\AndroidManifest.xml
		INJECTED from src\main\AndroidManifest.xml
	xmlns:android
		ADDED from src\main\AndroidManifest.xml:1:11-69
	android:installLocation
		ADDED from src\main\AndroidManifest.xml:5:5-45
uses-sdk
ADDED from src\main\AndroidManifest.xml:7:5-9:41
MERGED from [org.altbeacon:android-beacon-library:2.9.1] AndroidManifest.xml:7:5-9:41
MERGED from [com.android.volley:volley:1.0.0] AndroidManifest.xml:7:5-43
MERGED from [operator:googleplayservices_lib:unspecified] AndroidManifest.xml:23:5-25:40
	android:targetSdkVersion
		ADDED from src\main\AndroidManifest.xml:9:9-38
		INJECTED from src\main\AndroidManifest.xml
		INJECTED from src\main\AndroidManifest.xml
	android:minSdkVersion
		ADDED from src\main\AndroidManifest.xml:8:9-35
		INJECTED from src\main\AndroidManifest.xml
		INJECTED from src\main\AndroidManifest.xml
uses-permission#android.permission.BLUETOOTH
ADDED from src\main\AndroidManifest.xml:10:5-67
MERGED from [org.altbeacon:android-beacon-library:2.9.1] AndroidManifest.xml:11:5-68
	android:name
		ADDED from src\main\AndroidManifest.xml:10:22-65
uses-permission#android.permission.BLUETOOTH_ADMIN
ADDED from src\main\AndroidManifest.xml:11:5-73
MERGED from [org.altbeacon:android-beacon-library:2.9.1] AndroidManifest.xml:12:5-74
	android:name
		ADDED from src\main\AndroidManifest.xml:11:22-71
uses-permission#android.permission.WRITE_EXTERNAL_STORAGE
ADDED from src\main\AndroidManifest.xml:12:2-78
	android:name
		ADDED from src\main\AndroidManifest.xml:12:19-75
uses-permission#android.permission.ACCESS_FINE_LOCATION
ADDED from src\main\AndroidManifest.xml:13:2-75
	android:name
		ADDED from src\main\AndroidManifest.xml:13:19-73
uses-permission#android.permission.INTERNET
ADDED from src\main\AndroidManifest.xml:14:5-67
	android:name
		ADDED from src\main\AndroidManifest.xml:14:22-64
application
ADDED from src\main\AndroidManifest.xml:17:5-55:19
MERGED from [org.altbeacon:android-beacon-library:2.9.1] AndroidManifest.xml:17:5-36:19
MERGED from [com.android.volley:volley:1.0.0] AndroidManifest.xml:9:5-20
MERGED from [operator:googleplayservices_lib:unspecified] AndroidManifest.xml:27:5-20
	android:label
		ADDED from src\main\AndroidManifest.xml:21:9-41
	android:allowBackup
		ADDED from src\main\AndroidManifest.xml:19:9-35
	android:icon
		ADDED from src\main\AndroidManifest.xml:20:9-45
	android:name
		ADDED from src\main\AndroidManifest.xml:18:9-61
meta-data#com.google.android.gms.version
ADDED from src\main\AndroidManifest.xml:23:9-24:65
	android:value
		ADDED from src\main\AndroidManifest.xml:24:9-62
	android:name
		ADDED from src\main\AndroidManifest.xml:23:20-65
activity#sg.smartbus.operator.ScanActivity
ADDED from src\main\AndroidManifest.xml:26:9-34:20
	android:label
		ADDED from src\main\AndroidManifest.xml:29:13-45
	android:configChanges
		ADDED from src\main\AndroidManifest.xml:28:13-59
	android:name
		ADDED from src\main\AndroidManifest.xml:27:13-61
intent-filter#android.intent.action.MAIN+android.intent.category.LAUNCHER
ADDED from src\main\AndroidManifest.xml:30:13-33:29
action#android.intent.action.MAIN
ADDED from src\main\AndroidManifest.xml:31:5-57
	android:name
		ADDED from src\main\AndroidManifest.xml:31:13-54
category#android.intent.category.LAUNCHER
ADDED from src\main\AndroidManifest.xml:32:17-77
	android:name
		ADDED from src\main\AndroidManifest.xml:32:27-74
activity#sg.smartbus.operator.AppPreferenceActivity
ADDED from src\main\AndroidManifest.xml:36:9-43:20
	android:label
		ADDED from src\main\AndroidManifest.xml:38:13-45
	android:name
		ADDED from src\main\AndroidManifest.xml:37:13-70
intent-filter#android.intent.category.DEFAULT+net.jmodwyer.ibeacon.ibeaconPoC.AppPreferenceActivity
ADDED from src\main\AndroidManifest.xml:39:13-42:29
action#net.jmodwyer.ibeacon.ibeaconPoC.AppPreferenceActivity
ADDED from src\main\AndroidManifest.xml:40:5-84
	android:name
		ADDED from src\main\AndroidManifest.xml:40:13-81
category#android.intent.category.DEFAULT
ADDED from src\main\AndroidManifest.xml:41:17-76
	android:name
		ADDED from src\main\AndroidManifest.xml:41:27-73
activity#sg.smartbus.operator.FileHandlerActivity
ADDED from src\main\AndroidManifest.xml:45:9-53:17
	android:label
		ADDED from src\main\AndroidManifest.xml:47:10-42
	android:parentActivityName
		ADDED from src\main\AndroidManifest.xml:48:10-72
	android:name
		ADDED from src\main\AndroidManifest.xml:46:10-65
meta-data#android.support.PARENT_ACTIVITY
ADDED from src\main\AndroidManifest.xml:50:10-52:66
	android:value
		ADDED from src\main\AndroidManifest.xml:52:14-63
	android:name
		ADDED from src\main\AndroidManifest.xml:51:14-60
uses-permission#android.permission.RECEIVE_BOOT_COMPLETED
ADDED from [org.altbeacon:android-beacon-library:2.9.1] AndroidManifest.xml:13:5-81
	android:name
		ADDED from [org.altbeacon:android-beacon-library:2.9.1] AndroidManifest.xml:13:22-78
uses-permission-sdk-23
ADDED from [org.altbeacon:android-beacon-library:2.9.1] AndroidManifest.xml:15:5-88
	android:name
		ADDED from [org.altbeacon:android-beacon-library:2.9.1] AndroidManifest.xml:15:29-85
receiver#org.altbeacon.beacon.startup.StartupBroadcastReceiver
ADDED from [org.altbeacon:android-beacon-library:2.9.1] AndroidManifest.xml:18:9-24:20
	android:name
		ADDED from [org.altbeacon:android-beacon-library:2.9.1] AndroidManifest.xml:18:19-87
intent-filter#android.intent.action.ACTION_POWER_CONNECTED+android.intent.action.ACTION_POWER_DISCONNECTED+android.intent.action.BOOT_COMPLETED
ADDED from [org.altbeacon:android-beacon-library:2.9.1] AndroidManifest.xml:19:13-23:29
action#android.intent.action.BOOT_COMPLETED
ADDED from [org.altbeacon:android-beacon-library:2.9.1] AndroidManifest.xml:20:17-79
	android:name
		ADDED from [org.altbeacon:android-beacon-library:2.9.1] AndroidManifest.xml:20:25-76
action#android.intent.action.ACTION_POWER_CONNECTED
ADDED from [org.altbeacon:android-beacon-library:2.9.1] AndroidManifest.xml:21:17-87
	android:name
		ADDED from [org.altbeacon:android-beacon-library:2.9.1] AndroidManifest.xml:21:25-84
action#android.intent.action.ACTION_POWER_DISCONNECTED
ADDED from [org.altbeacon:android-beacon-library:2.9.1] AndroidManifest.xml:22:17-90
	android:name
		ADDED from [org.altbeacon:android-beacon-library:2.9.1] AndroidManifest.xml:22:25-87
service#org.altbeacon.beacon.service.BeaconService
ADDED from [org.altbeacon:android-beacon-library:2.9.1] AndroidManifest.xml:26:9-31:38
	android:enabled
		ADDED from [org.altbeacon:android-beacon-library:2.9.1] AndroidManifest.xml:28:13-35
	android:label
		ADDED from [org.altbeacon:android-beacon-library:2.9.1] AndroidManifest.xml:31:13-35
	android:exported
		ADDED from [org.altbeacon:android-beacon-library:2.9.1] AndroidManifest.xml:29:13-37
	android:isolatedProcess
		ADDED from [org.altbeacon:android-beacon-library:2.9.1] AndroidManifest.xml:30:13-44
	android:name
		ADDED from [org.altbeacon:android-beacon-library:2.9.1] AndroidManifest.xml:27:13-70
service#org.altbeacon.beacon.BeaconIntentProcessor
ADDED from [org.altbeacon:android-beacon-library:2.9.1] AndroidManifest.xml:32:9-35:40
	android:enabled
		ADDED from [org.altbeacon:android-beacon-library:2.9.1] AndroidManifest.xml:34:13-35
	android:exported
		ADDED from [org.altbeacon:android-beacon-library:2.9.1] AndroidManifest.xml:35:13-37
	android:name
		ADDED from [org.altbeacon:android-beacon-library:2.9.1] AndroidManifest.xml:33:13-70